<?xml version="1.0" encoding="UTF-8"?>
<!-- Generated by org.testng.reporters.JUnitReportReporter -->
<testsuite hostname="WIN-O56S6561CAG" name="com.upax.appium.zeus.Login" tests="1" failures="0" timestamp="24 Dec 2022 17:44:35 GMT" time="0.016" errors="0">
  <testcase name="TestMethod" time="0.016" classname="com.upax.appium.zeus.Login"/>
</testsuite> <!-- com.upax.appium.zeus.Login -->
