<?xml version="1.0" encoding="UTF-8"?>
<!-- Generated by org.testng.reporters.JUnitReportReporter -->
<testsuite hostname="WIN-O56S6561CAG" name="com.upax.appium.zeus.Login2" tests="1" failures="1" timestamp="24 Dec 2022 16:10:32 GMT" time="0.003" errors="0">
  <testcase name="TestMethod" time="0.003" classname="com.upax.appium.zeus.Login2">
    <failure type="org.openqa.selenium.SessionNotCreatedException" message="Unable to create a new remote session. Please check the server log for more details. Original error: An unknown server-side error occurred while processing the command. Original error: Cannot start the &#039;com.upax.zeusgeneric&#039; application. Visit https://github.com/appium/appium/blob/master/docs/en/writing-running-appium/android/activity-startup.md for troubleshooting. Original error: Error executing adbExec. Original error: &#039;Command &#039;C:\\Users\\JAMENDOZAS\\AppData\\Local\\Android\\Sdk\\platform-tools\\adb.exe -P 5037 -s R58T607HX2R shell am start -W -n com.upax.zeusgeneric/com.upax.zeusgeneric.uimodules.guestprofile.RegisterGuestActivity -S -a android.intent.action.MAIN -c android.intent.category.LAUNCHER -f 0x10200000&#039; exited with code 255&#039;; Stderr: &#039;Exception occurred while executing &#039;start&#039;:
java.lang.SecurityException: Permission Denial: starting Intent { act=android.intent.action.MAIN cat=[android.intent.category.LAUNCHER] flg=0x10200000 cmp=com.upax.zeusgeneric/.uimodules.guestprofile.RegisterGuestActivity } from null (pid=17638, uid=2000) not exported from uid 10141
	at com.android.server.wm.ActivityTaskSupervisor.checkStartAnyActivityPermission(ActivityTaskSupervisor.java:1334)
	at com.android.server.wm.ActivityStarter.executeRequest(ActivityStarter.java:1262)
	at com.android.server.wm.ActivityStarter.execute(ActivityStarter.java:893)
	at com.android.server.wm.ActivityTaskManagerService.startActivityAndWait(ActivityTaskManagerService.java:2111)
	at com.android.server.am.ActivityManagerService.startActivityAndWait(ActivityManagerService.java:3554)
	at com.android.server.am.ActivityManagerShellCommand.runStartActivity(ActivityManagerShellCommand.java:619)
	at com.android.server.am.ActivityManagerShellCommand.onCommand(ActivityManagerShellCommand.java:204)
	at com.android.modules.utils.BasicShellCommandHandler.exec(BasicShellCommandHandler.java:97)
	at android.os.ShellCommand.exec(ShellCommand.java:38)
	at com.android.server.am.ActivityManagerService.onShellCommand(ActivityManagerService.java:10514)
	at android.os.Binder.shellCommand(Binder.java:986)
	at android.os.Binder.onTransact(Binder.java:860)
	at android.app.IActivityManager$Stub.onTransact(IActivityManager.java:6103)
	at com.android.server.am.ActivityManagerService.onTransact(ActivityManagerService.java:3036)
	at android.os.Binder.execTransactInternal(Binder.java:1220)
	at android.os.Binder.execTransact(Binder.java:1179)&#039;; Code: &#039;255&#039;
Build info: version: &#039;3.141.59&#039;, revision: &#039;e82be7d358&#039;, time: &#039;2018-11-14T08:17:03&#039;
System info: host: &#039;WIN-O56S6561CAG&#039;, ip: &#039;192.168.226.134&#039;, os.name: &#039;Windows Server 2019&#039;, os.arch: &#039;amd64&#039;, os.version: &#039;10.0&#039;, java.version: &#039;1.8.0_261&#039;
Driver info: driver.version: AppiumDriver
remote stacktrace: UnknownError: An unknown server-side error occurred while processing the command. Original error: Cannot start the &#039;com.upax.zeusgeneric&#039; application. Visit https://github.com/appium/appium/blob/master/docs/en/writing-running-appium/android/activity-startup.md for troubleshooting. Original error: Error executing adbExec. Original error: &#039;Command &#039;C:\\Users\\JAMENDOZAS\\AppData\\Local\\Android\\Sdk\\platform-tools\\adb.exe -P 5037 -s R58T607HX2R shell am start -W -n com.upax.zeusgeneric/com.upax.zeusgeneric.uimodules.guestprofile.RegisterGuestActivity -S -a android.intent.action.MAIN -c android.intent.category.LAUNCHER -f 0x10200000&#039; exited with code 255&#039;; Stderr: &#039;Exception occurred while executing &#039;start&#039;:
java.lang.SecurityException: Permission Denial: starting Intent { act=android.intent.action.MAIN cat=[android.intent.category.LAUNCHER] flg=0x10200000 cmp=com.upax.zeusgeneric/.uimodules.guestprofile.RegisterGuestActivity } from null (pid=17638, uid=2000) not exported from uid 10141
	at com.android.server.wm.ActivityTaskSupervisor.checkStartAnyActivityPermission(ActivityTaskSupervisor.java:1334)
	at com.android.server.wm.ActivityStarter.executeRequest(ActivityStarter.java:1262)
	at com.android.server.wm.ActivityStarter.execute(ActivityStarter.java:893)
	at com.android.server.wm.ActivityTaskManagerService.startActivityAndWait(ActivityTaskManagerService.java:2111)
	at com.android.server.am.ActivityManagerService.startActivityAndWait(ActivityManagerService.java:3554)
	at com.android.server.am.ActivityManagerShellCommand.runStartActivity(ActivityManagerShellCommand.java:619)
	at com.android.server.am.ActivityManagerShellCommand.onCommand(ActivityManagerShellCommand.java:204)
	at com.android.modules.utils.BasicShellCommandHandler.exec(BasicShellCommandHandler.java:97)
	at android.os.ShellCommand.exec(ShellCommand.java:38)
	at com.android.server.am.ActivityManagerService.onShellCommand(ActivityManagerService.java:10514)
	at android.os.Binder.shellCommand(Binder.java:986)
	at android.os.Binder.onTransact(Binder.java:860)
	at android.app.IActivityManager$Stub.onTransact(IActivityManager.java:6103)
	at com.android.server.am.ActivityManagerService.onTransact(ActivityManagerService.java:3036)
	at android.os.Binder.execTransactInternal(Binder.java:1220)
	at android.os.Binder.execTransact(Binder.java:1179)&#039;; Code: &#039;255&#039;
    at getResponseForW3CError (C:\Users\JAMENDOZAS\AppData\Local\Programs\Appium\resources\app\node_modules\appium\node_modules\appium-base-driver\lib\protocol\errors.js:804:9)
    at asyncHandler (C:\Users\JAMENDOZAS\AppData\Local\Programs\Appium\resources\app\node_modules\appium\node_modules\appium-base-driver\lib\protocol\protocol.js:384:37)
Build info: version: &#039;3.141.59&#039;, revision: &#039;e82be7d358&#039;, time: &#039;2018-11-14T08:17:03&#039;
System info: host: &#039;WIN-O56S6561CAG&#039;, ip: &#039;192.168.226.134&#039;, os.name: &#039;Windows Server 2019&#039;, os.arch: &#039;amd64&#039;, os.version: &#039;10.0&#039;, java.version: &#039;1.8.0_261&#039;
Driver info: driver.version: AppiumDriver">
      <![CDATA[org.openqa.selenium.SessionNotCreatedException: Unable to create a new remote session. Please check the server log for more details. Original error: An unknown server-side error occurred while processing the command. Original error: Cannot start the 'com.upax.zeusgeneric' application. Visit https://github.com/appium/appium/blob/master/docs/en/writing-running-appium/android/activity-startup.md for troubleshooting. Original error: Error executing adbExec. Original error: 'Command 'C:\\Users\\JAMENDOZAS\\AppData\\Local\\Android\\Sdk\\platform-tools\\adb.exe -P 5037 -s R58T607HX2R shell am start -W -n com.upax.zeusgeneric/com.upax.zeusgeneric.uimodules.guestprofile.RegisterGuestActivity -S -a android.intent.action.MAIN -c android.intent.category.LAUNCHER -f 0x10200000' exited with code 255'; Stderr: 'Exception occurred while executing 'start':
java.lang.SecurityException: Permission Denial: starting Intent { act=android.intent.action.MAIN cat=[android.intent.category.LAUNCHER] flg=0x10200000 cmp=com.upax.zeusgeneric/.uimodules.guestprofile.RegisterGuestActivity } from null (pid=17638, uid=2000) not exported from uid 10141
	at com.android.server.wm.ActivityTaskSupervisor.checkStartAnyActivityPermission(ActivityTaskSupervisor.java:1334)
	at com.android.server.wm.ActivityStarter.executeRequest(ActivityStarter.java:1262)
	at com.android.server.wm.ActivityStarter.execute(ActivityStarter.java:893)
	at com.android.server.wm.ActivityTaskManagerService.startActivityAndWait(ActivityTaskManagerService.java:2111)
	at com.android.server.am.ActivityManagerService.startActivityAndWait(ActivityManagerService.java:3554)
	at com.android.server.am.ActivityManagerShellCommand.runStartActivity(ActivityManagerShellCommand.java:619)
	at com.android.server.am.ActivityManagerShellCommand.onCommand(ActivityManagerShellCommand.java:204)
	at com.android.modules.utils.BasicShellCommandHandler.exec(BasicShellCommandHandler.java:97)
	at android.os.ShellCommand.exec(ShellCommand.java:38)
	at com.android.server.am.ActivityManagerService.onShellCommand(ActivityManagerService.java:10514)
	at android.os.Binder.shellCommand(Binder.java:986)
	at android.os.Binder.onTransact(Binder.java:860)
	at android.app.IActivityManager$Stub.onTransact(IActivityManager.java:6103)
	at com.android.server.am.ActivityManagerService.onTransact(ActivityManagerService.java:3036)
	at android.os.Binder.execTransactInternal(Binder.java:1220)
	at android.os.Binder.execTransact(Binder.java:1179)'; Code: '255'
Build info: version: '3.141.59', revision: 'e82be7d358', time: '2018-11-14T08:17:03'
System info: host: 'WIN-O56S6561CAG', ip: '192.168.226.134', os.name: 'Windows Server 2019', os.arch: 'amd64', os.version: '10.0', java.version: '1.8.0_261'
Driver info: driver.version: AppiumDriver
remote stacktrace: UnknownError: An unknown server-side error occurred while processing the command. Original error: Cannot start the 'com.upax.zeusgeneric' application. Visit https://github.com/appium/appium/blob/master/docs/en/writing-running-appium/android/activity-startup.md for troubleshooting. Original error: Error executing adbExec. Original error: 'Command 'C:\\Users\\JAMENDOZAS\\AppData\\Local\\Android\\Sdk\\platform-tools\\adb.exe -P 5037 -s R58T607HX2R shell am start -W -n com.upax.zeusgeneric/com.upax.zeusgeneric.uimodules.guestprofile.RegisterGuestActivity -S -a android.intent.action.MAIN -c android.intent.category.LAUNCHER -f 0x10200000' exited with code 255'; Stderr: 'Exception occurred while executing 'start':
java.lang.SecurityException: Permission Denial: starting Intent { act=android.intent.action.MAIN cat=[android.intent.category.LAUNCHER] flg=0x10200000 cmp=com.upax.zeusgeneric/.uimodules.guestprofile.RegisterGuestActivity } from null (pid=17638, uid=2000) not exported from uid 10141
	at com.android.server.wm.ActivityTaskSupervisor.checkStartAnyActivityPermission(ActivityTaskSupervisor.java:1334)
	at com.android.server.wm.ActivityStarter.executeRequest(ActivityStarter.java:1262)
	at com.android.server.wm.ActivityStarter.execute(ActivityStarter.java:893)
	at com.android.server.wm.ActivityTaskManagerService.startActivityAndWait(ActivityTaskManagerService.java:2111)
	at com.android.server.am.ActivityManagerService.startActivityAndWait(ActivityManagerService.java:3554)
	at com.android.server.am.ActivityManagerShellCommand.runStartActivity(ActivityManagerShellCommand.java:619)
	at com.android.server.am.ActivityManagerShellCommand.onCommand(ActivityManagerShellCommand.java:204)
	at com.android.modules.utils.BasicShellCommandHandler.exec(BasicShellCommandHandler.java:97)
	at android.os.ShellCommand.exec(ShellCommand.java:38)
	at com.android.server.am.ActivityManagerService.onShellCommand(ActivityManagerService.java:10514)
	at android.os.Binder.shellCommand(Binder.java:986)
	at android.os.Binder.onTransact(Binder.java:860)
	at android.app.IActivityManager$Stub.onTransact(IActivityManager.java:6103)
	at com.android.server.am.ActivityManagerService.onTransact(ActivityManagerService.java:3036)
	at android.os.Binder.execTransactInternal(Binder.java:1220)
	at android.os.Binder.execTransact(Binder.java:1179)'; Code: '255'
    at getResponseForW3CError (C:\Users\JAMENDOZAS\AppData\Local\Programs\Appium\resources\app\node_modules\appium\node_modules\appium-base-driver\lib\protocol\errors.js:804:9)
    at asyncHandler (C:\Users\JAMENDOZAS\AppData\Local\Programs\Appium\resources\app\node_modules\appium\node_modules\appium-base-driver\lib\protocol\protocol.js:384:37)
Build info: version: '3.141.59', revision: 'e82be7d358', time: '2018-11-14T08:17:03'
System info: host: 'WIN-O56S6561CAG', ip: '192.168.226.134', os.name: 'Windows Server 2019', os.arch: 'amd64', os.version: '10.0', java.version: '1.8.0_261'
Driver info: driver.version: AppiumDriver
	at io.appium.java_client.remote.AppiumCommandExecutor$1.createSession(AppiumCommandExecutor.java:216)
	at io.appium.java_client.remote.AppiumCommandExecutor.createSession(AppiumCommandExecutor.java:225)
	at io.appium.java_client.remote.AppiumCommandExecutor.execute(AppiumCommandExecutor.java:250)
	at org.openqa.selenium.remote.RemoteWebDriver.execute(RemoteWebDriver.java:552)
	at io.appium.java_client.DefaultGenericMobileDriver.execute(DefaultGenericMobileDriver.java:41)
	at io.appium.java_client.AppiumDriver.execute(AppiumDriver.java:1)
	at org.openqa.selenium.remote.RemoteWebDriver.startSession(RemoteWebDriver.java:213)
	at io.appium.java_client.AppiumDriver.startSession(AppiumDriver.java:363)
	at org.openqa.selenium.remote.RemoteWebDriver.<init>(RemoteWebDriver.java:131)
	at io.appium.java_client.DefaultGenericMobileDriver.<init>(DefaultGenericMobileDriver.java:37)
	at io.appium.java_client.AppiumDriver.<init>(AppiumDriver.java:89)
	at io.appium.java_client.AppiumDriver.<init>(AppiumDriver.java:99)
	at com.upax.appium.zeus.Login2.setUp(Login2.java:37)
	at sun.reflect.NativeMethodAccessorImpl.invoke0(Native Method)
	at sun.reflect.NativeMethodAccessorImpl.invoke(Unknown Source)
	at sun.reflect.DelegatingMethodAccessorImpl.invoke(Unknown Source)
	at java.lang.reflect.Method.invoke(Unknown Source)
	at org.testng.internal.MethodInvocationHelper.invokeMethod(MethodInvocationHelper.java:80)
	at org.testng.internal.Invoker.invokeConfigurationMethod(Invoker.java:564)
	at org.testng.internal.Invoker.invokeConfigurations(Invoker.java:213)
	at org.testng.internal.Invoker.invokeConfigurations(Invoker.java:138)
	at org.testng.internal.TestMethodWorker.invokeBeforeClassMethods(TestMethodWorker.java:175)
	at org.testng.internal.TestMethodWorker.run(TestMethodWorker.java:107)
	at org.testng.TestRunner.privateRun(TestRunner.java:767)
	at org.testng.TestRunner.run(TestRunner.java:617)
	at org.testng.SuiteRunner.runTest(SuiteRunner.java:334)
	at org.testng.SuiteRunner.runSequentially(SuiteRunner.java:329)
	at org.testng.SuiteRunner.privateRun(SuiteRunner.java:291)
	at org.testng.SuiteRunner.run(SuiteRunner.java:240)
	at org.testng.SuiteRunnerWorker.runSuite(SuiteRunnerWorker.java:52)
	at org.testng.SuiteRunnerWorker.run(SuiteRunnerWorker.java:86)
	at org.testng.TestNG.runSuitesSequentially(TestNG.java:1198)
	at org.testng.TestNG.runSuitesLocally(TestNG.java:1123)
	at org.testng.TestNG.run(TestNG.java:1031)
	at org.testng.remote.AbstractRemoteTestNG.run(AbstractRemoteTestNG.java:115)
	at org.testng.remote.RemoteTestNG.initAndRun(RemoteTestNG.java:251)
	at org.testng.remote.RemoteTestNG.main(RemoteTestNG.java:77)
Caused by: java.lang.reflect.InvocationTargetException
	at sun.reflect.NativeMethodAccessorImpl.invoke0(Native Method)
	at sun.reflect.NativeMethodAccessorImpl.invoke(Unknown Source)
	at sun.reflect.DelegatingMethodAccessorImpl.invoke(Unknown Source)
	at java.lang.reflect.Method.invoke(Unknown Source)
	at io.appium.java_client.remote.AppiumCommandExecutor$1.createSession(AppiumCommandExecutor.java:193)
	... 36 more
Caused by: org.openqa.selenium.WebDriverException: An unknown server-side error occurred while processing the command. Original error: Cannot start the 'com.upax.zeusgeneric' application. Visit https://github.com/appium/appium/blob/master/docs/en/writing-running-appium/android/activity-startup.md for troubleshooting. Original error: Error executing adbExec. Original error: 'Command 'C:\\Users\\JAMENDOZAS\\AppData\\Local\\Android\\Sdk\\platform-tools\\adb.exe -P 5037 -s R58T607HX2R shell am start -W -n com.upax.zeusgeneric/com.upax.zeusgeneric.uimodules.guestprofile.RegisterGuestActivity -S -a android.intent.action.MAIN -c android.intent.category.LAUNCHER -f 0x10200000' exited with code 255'; Stderr: 'Exception occurred while executing 'start':
java.lang.SecurityException: Permission Denial: starting Intent { act=android.intent.action.MAIN cat=[android.intent.category.LAUNCHER] flg=0x10200000 cmp=com.upax.zeusgeneric/.uimodules.guestprofile.RegisterGuestActivity } from null (pid=17638, uid=2000) not exported from uid 10141
	at com.android.server.wm.ActivityTaskSupervisor.checkStartAnyActivityPermission(ActivityTaskSupervisor.java:1334)
	at com.android.server.wm.ActivityStarter.executeRequest(ActivityStarter.java:1262)
	at com.android.server.wm.ActivityStarter.execute(ActivityStarter.java:893)
	at com.android.server.wm.ActivityTaskManagerService.startActivityAndWait(ActivityTaskManagerService.java:2111)
	at com.android.server.am.ActivityManagerService.startActivityAndWait(ActivityManagerService.java:3554)
	at com.android.server.am.ActivityManagerShellCommand.runStartActivity(ActivityManagerShellCommand.java:619)
	at com.android.server.am.ActivityManagerShellCommand.onCommand(ActivityManagerShellCommand.java:204)
	at com.android.modules.utils.BasicShellCommandHandler.exec(BasicShellCommandHandler.java:97)
	at android.os.ShellCommand.exec(ShellCommand.java:38)
	at com.android.server.am.ActivityManagerService.onShellCommand(ActivityManagerService.java:10514)
	at android.os.Binder.shellCommand(Binder.java:986)
	at android.os.Binder.onTransact(Binder.java:860)
	at android.app.IActivityManager$Stub.onTransact(IActivityManager.java:6103)
	at com.android.server.am.ActivityManagerService.onTransact(ActivityManagerService.java:3036)
	at android.os.Binder.execTransactInternal(Binder.java:1220)
	at android.os.Binder.execTransact(Binder.java:1179)'; Code: '255'
Build info: version: '3.141.59', revision: 'e82be7d358', time: '2018-11-14T08:17:03'
System info: host: 'WIN-O56S6561CAG', ip: '192.168.226.134', os.name: 'Windows Server 2019', os.arch: 'amd64', os.version: '10.0', java.version: '1.8.0_261'
Driver info: driver.version: AppiumDriver
remote stacktrace: UnknownError: An unknown server-side error occurred while processing the command. Original error: Cannot start the 'com.upax.zeusgeneric' application. Visit https://github.com/appium/appium/blob/master/docs/en/writing-running-appium/android/activity-startup.md for troubleshooting. Original error: Error executing adbExec. Original error: 'Command 'C:\\Users\\JAMENDOZAS\\AppData\\Local\\Android\\Sdk\\platform-tools\\adb.exe -P 5037 -s R58T607HX2R shell am start -W -n com.upax.zeusgeneric/com.upax.zeusgeneric.uimodules.guestprofile.RegisterGuestActivity -S -a android.intent.action.MAIN -c android.intent.category.LAUNCHER -f 0x10200000' exited with code 255'; Stderr: 'Exception occurred while executing 'start':
java.lang.SecurityException: Permission Denial: starting Intent { act=android.intent.action.MAIN cat=[android.intent.category.LAUNCHER] flg=0x10200000 cmp=com.upax.zeusgeneric/.uimodules.guestprofile.RegisterGuestActivity } from null (pid=17638, uid=2000) not exported from uid 10141
	at com.android.server.wm.ActivityTaskSupervisor.checkStartAnyActivityPermission(ActivityTaskSupervisor.java:1334)
	at com.android.server.wm.ActivityStarter.executeRequest(ActivityStarter.java:1262)
	at com.android.server.wm.ActivityStarter.execute(ActivityStarter.java:893)
	at com.android.server.wm.ActivityTaskManagerService.startActivityAndWait(ActivityTaskManagerService.java:2111)
	at com.android.server.am.ActivityManagerService.startActivityAndWait(ActivityManagerService.java:3554)
	at com.android.server.am.ActivityManagerShellCommand.runStartActivity(ActivityManagerShellCommand.java:619)
	at com.android.server.am.ActivityManagerShellCommand.onCommand(ActivityManagerShellCommand.java:204)
	at com.android.modules.utils.BasicShellCommandHandler.exec(BasicShellCommandHandler.java:97)
	at android.os.ShellCommand.exec(ShellCommand.java:38)
	at com.android.server.am.ActivityManagerService.onShellCommand(ActivityManagerService.java:10514)
	at android.os.Binder.shellCommand(Binder.java:986)
	at android.os.Binder.onTransact(Binder.java:860)
	at android.app.IActivityManager$Stub.onTransact(IActivityManager.java:6103)
	at com.android.server.am.ActivityManagerService.onTransact(ActivityManagerService.java:3036)
	at android.os.Binder.execTransactInternal(Binder.java:1220)
	at android.os.Binder.execTransact(Binder.java:1179)'; Code: '255'
    at getResponseForW3CError (C:\Users\JAMENDOZAS\AppData\Local\Programs\Appium\resources\app\node_modules\appium\node_modules\appium-base-driver\lib\protocol\errors.js:804:9)
    at asyncHandler (C:\Users\JAMENDOZAS\AppData\Local\Programs\Appium\resources\app\node_modules\appium\node_modules\appium-base-driver\lib\protocol\protocol.js:384:37)
	at sun.reflect.NativeConstructorAccessorImpl.newInstance0(Native Method)
	at sun.reflect.NativeConstructorAccessorImpl.newInstance(Unknown Source)
	at sun.reflect.DelegatingConstructorAccessorImpl.newInstance(Unknown Source)
	at java.lang.reflect.Constructor.newInstance(Unknown Source)
	at org.openqa.selenium.remote.W3CHandshakeResponse.lambda$errorHandler$0(W3CHandshakeResponse.java:62)
	at org.openqa.selenium.remote.HandshakeResponse.lambda$getResponseFunction$0(HandshakeResponse.java:30)
	at org.openqa.selenium.remote.ProtocolHandshake.lambda$createSession$0(ProtocolHandshake.java:126)
	at java.util.stream.ReferencePipeline$3$1.accept(Unknown Source)
	at java.util.Spliterators$ArraySpliterator.tryAdvance(Unknown Source)
	at java.util.stream.ReferencePipeline.forEachWithCancel(Unknown Source)
	at java.util.stream.AbstractPipeline.copyIntoWithCancel(Unknown Source)
	at java.util.stream.AbstractPipeline.copyInto(Unknown Source)
	at java.util.stream.AbstractPipeline.wrapAndCopyInto(Unknown Source)
	at java.util.stream.FindOps$FindOp.evaluateSequential(Unknown Source)
	at java.util.stream.AbstractPipeline.evaluate(Unknown Source)
	at java.util.stream.ReferencePipeline.findFirst(Unknown Source)
	at org.openqa.selenium.remote.ProtocolHandshake.createSession(ProtocolHandshake.java:128)
	... 41 more
]]>
    </failure>
  </testcase> <!-- TestMethod -->
</testsuite> <!-- com.upax.appium.zeus.Login2 -->
